<?xml version="1.0" encoding="UTF-8"?>
<testsuite name="LeapYearTest" tests="4" skipped="0" failures="0" errors="0" timestamp="2016-01-06T04:39:35" hostname="kaworus-mbp.hsd1.or.comcast.net" time="0.0">
  <properties/>
  <testcase name="isLeapYear_forMultiplesOfFourHundred_true" classname="LeapYearTest" time="0.0"/>
  <testcase name="isLeapYear_forNumberDivisibleByFour_true" classname="LeapYearTest" time="0.0"/>
  <testcase name="isLeapYear_forNumbersNotDivisibleByFour_false" classname="LeapYearTest" time="0.0"/>
  <testcase name="isLeapYear_forMultiplesOfOneHundred_false" classname="LeapYearTest" time="0.0"/>
  <system-out><![CDATA[]]></system-out>
  <system-err><![CDATA[]]></system-err>
</testsuite>
