<?xml version="1.0" encoding="UTF-8"?>
<testsuite name="AppTest" tests="3" skipped="0" failures="0" errors="0" timestamp="2016-01-06T04:39:34" hostname="kaworus-mbp.hsd1.or.comcast.net" time="0.475">
  <properties/>
  <testcase name="isALeapYear" classname="AppTest" time="0.425"/>
  <testcase name="rootTest" classname="AppTest" time="0.012"/>
  <testcase name="isNotALeapYear" classname="AppTest" time="0.022"/>
  <system-out><![CDATA[]]></system-out>
  <system-err><![CDATA[[Thread-4] INFO spark.webserver.SparkServer - == Spark has ignited ...
[Thread-4] INFO spark.webserver.SparkServer - >> Listening on 0.0.0.0:4567
[Thread-4] INFO org.eclipse.jetty.server.Server - jetty-9.0.2.v20130417
[Thread-4] INFO org.eclipse.jetty.server.ServerConnector - Started ServerConnector@2cbe321f{HTTP/1.1}{0.0.0.0:4567}
[Test worker] INFO spark.webserver.SparkServer - >>> Spark shutting down ...
[Test worker] INFO org.eclipse.jetty.server.Server - Graceful shutdown org.eclipse.jetty.server.Server@3cd3202a by 
[Test worker] INFO org.eclipse.jetty.server.ServerConnector - Stopped ServerConnector@2cbe321f{HTTP/1.1}{0.0.0.0:4567}
[Test worker] INFO spark.webserver.SparkServer - done
]]></system-err>
</testsuite>
